<?xml version="1.0" encoding="UTF-8"?>
<!-- Generated by org.testng.reporters.JUnitReportReporter -->
<testsuite name="com.toi.tests.TOITests" tests="1" time="196.446" ignored="1" failures="0" timestamp="30 Jun 2017 07:34:25 GMT" skipped="0" hostname="ICPL11522" errors="0">
  <testcase name="verifyEntertainmnetTab" time="196.446" classname="com.toi.tests.TOITests"/>
  <testcase name="verifyTopNewStories" classname="com.toi.tests.TOITests">
    <skipped/>
  </testcase> <!-- verifyTopNewStories -->
</testsuite> <!-- com.toi.tests.TOITests -->
