<?xml version="1.0" encoding="UTF-8"?>
<!-- Generated by org.testng.reporters.JUnitReportReporter -->
<testsuite hostname="icpl12186" name="toiassignment.toi_assignment.TOIAppTest" tests="1" failures="0" timestamp="28 Jun 2017 07:28:47 GMT" time="0.006" errors="0">
  <testcase name="test" time="0.006" classname="toiassignment.toi_assignment.TOIAppTest"/>
</testsuite> <!-- toiassignment.toi_assignment.TOIAppTest -->
